# JRE version: Java(TM) SE Runtime Environment (8.0_51-b16) (build 1.8.0_51-b16)
# Java VM: Java HotSpot(TM) 64-Bit Server VM (25.51-b03 mixed mode windows-amd64 compressed oops)
Heap:
 PSYoungGen      total 420352K, used 254332K [0x00000000d5800000, 0x00000000f9c80000, 0x0000000100000000)
  eden space 364544K, 60% used [0x00000000d5800000,0x00000000e2f9e5a8,0x00000000ebc00000)
  from space 55808K, 60% used [0x00000000ebc00000,0x00000000edcc0dd8,0x00000000ef280000)
  to   space 56832K, 0% used [0x00000000f6500000,0x00000000f6500000,0x00000000f9c80000)
 ParOldGen       total 119296K, used 42835K [0x0000000080800000, 0x0000000087c80000, 0x00000000d5800000)
  object space 119296K, 35% used [0x0000000080800000,0x00000000831d4de0,0x0000000087c80000)
 Metaspace       used 53481K, capacity 54674K, committed 54912K, reserved 1097728K
  class space    used 6085K, capacity 6660K, committed 6784K, reserved 1048576K
GC Heap History (10 events):
Event: 4.680 GC heap before
{Heap before GC invocations=9 (full 0):
 PSYoungGen      total 278528K, used 244592K [0x00000000d5800000, 0x00000000ea800000, 0x0000000100000000)
  eden space 252928K, 86% used [0x00000000d5800000,0x00000000e2ddfd00,0x00000000e4f00000)
  from space 25600K, 99% used [0x00000000e7500000,0x00000000e8dfc638,0x00000000e8e00000)
  to   space 38912K, 0% used [0x00000000e4f00000,0x00000000e4f00000,0x00000000e7500000)
 ParOldGen       total 87552K, used 52564K [0x0000000080800000, 0x0000000085d80000, 0x00000000d5800000)
  object space 87552K, 60% used [0x0000000080800000,0x0000000083b551a0,0x0000000085d80000)
 Metaspace       used 20729K, capacity 21198K, committed 21296K, reserved 1069056K
  class space    used 2340K, capacity 2508K, committed 2560K, reserved 1048576K
Event: 4.770 GC heap after
Heap after GC invocations=9 (full 0):
 PSYoungGen      total 291840K, used 38888K [0x00000000d5800000, 0x00000000f5480000, 0x0000000100000000)
  eden space 252928K, 0% used [0x00000000d5800000,0x00000000d5800000,0x00000000e4f00000)
  from space 38912K, 99% used [0x00000000e4f00000,0x00000000e74fa208,0x00000000e7500000)
  to   space 57856K, 0% used [0x00000000f1c00000,0x00000000f1c00000,0x00000000f5480000)
 ParOldGen       total 87552K, used 82601K [0x0000000080800000, 0x0000000085d80000, 0x00000000d5800000)
  object space 87552K, 94% used [0x0000000080800000,0x00000000858aa470,0x0000000085d80000)
 Metaspace       used 20729K, capacity 21198K, committed 21296K, reserved 1069056K
  class space    used 2340K, capacity 2508K, committed 2560K, reserved 1048576K
}
Event: 4.770 GC heap before
{Heap before GC invocations=10 (full 1):
 PSYoungGen      total 291840K, used 38888K [0x00000000d5800000, 0x00000000f5480000, 0x0000000100000000)
  eden space 252928K, 0% used [0x00000000d5800000,0x00000000d5800000,0x00000000e4f00000)
  from space 38912K, 99% used [0x00000000e4f00000,0x00000000e74fa208,0x00000000e7500000)
  to   space 57856K, 0% used [0x00000000f1c00000,0x00000000f1c00000,0x00000000f5480000)
 ParOldGen       total 87552K, used 82601K [0x0000000080800000, 0x0000000085d80000, 0x00000000d5800000)
  object space 87552K, 94% used [0x0000000080800000,0x00000000858aa470,0x0000000085d80000)
 Metaspace       used 20729K, capacity 21198K, committed 21296K, reserved 1069056K
  class space    used 2340K, capacity 2508K, committed 2560K, reserved 1048576K
Event: 4.887 GC heap after
Heap after GC invocations=10 (full 1):
 PSYoungGen      total 291840K, used 0K [0x00000000d5800000, 0x00000000f5480000, 0x0000000100000000)
  eden space 252928K, 0% used [0x00000000d5800000,0x00000000d5800000,0x00000000e4f00000)
  from space 38912K, 0% used [0x00000000e4f00000,0x00000000e4f00000,0x00000000e7500000)
  to   space 57856K, 0% used [0x00000000f1c00000,0x00000000f1c00000,0x00000000f5480000)
 ParOldGen       total 148480K, used 77061K [0x0000000080800000, 0x0000000089900000, 0x00000000d5800000)
  object space 148480K, 51% used [0x0000000080800000,0x0000000085341730,0x0000000089900000)
 Metaspace       used 20729K, capacity 21198K, committed 21296K, reserved 1069056K
  class space    used 2340K, capacity 2508K, committed 2560K, reserved 1048576K
}
Event: 6.638 GC heap before
{Heap before GC invocations=11 (full 1):
 PSYoungGen      total 291840K, used 235263K [0x00000000d5800000, 0x00000000f5480000, 0x0000000100000000)
  eden space 252928K, 93% used [0x00000000d5800000,0x00000000e3dbfd80,0x00000000e4f00000)
  from space 38912K, 0% used [0x00000000e4f00000,0x00000000e4f00000,0x00000000e7500000)
  to   space 57856K, 0% used [0x00000000f1c00000,0x00000000f1c00000,0x00000000f5480000)
 ParOldGen       total 148480K, used 77061K [0x0000000080800000, 0x0000000089900000, 0x00000000d5800000)
  object space 148480K, 51% used [0x0000000080800000,0x0000000085341730,0x0000000089900000)
 Metaspace       used 34927K, capacity 35418K, committed 35496K, reserved 1081344K
  class space    used 3924K, capacity 4090K, committed 4096K, reserved 1048576K
Event: 6.655 GC heap after
Heap after GC invocations=11 (full 1):
 PSYoungGen      total 369664K, used 13135K [0x00000000d5800000, 0x00000000f2900000, 0x0000000100000000)
  eden space 356352K, 0% used [0x00000000d5800000,0x00000000d5800000,0x00000000eb400000)
  from space 13312K, 98% used [0x00000000f1c00000,0x00000000f28d3d08,0x00000000f2900000)
  to   space 55808K, 0% used [0x00000000ebc00000,0x00000000ebc00000,0x00000000ef280000)
 ParOldGen       total 148480K, used 77069K [0x0000000080800000, 0x0000000089900000, 0x00000000d5800000)
  object space 148480K, 51% used [0x0000000080800000,0x0000000085343730,0x0000000089900000)
 Metaspace       used 34927K, capacity 35418K, committed 35496K, reserved 1081344K
  class space    used 3924K, capacity 4090K, committed 4096K, reserved 1048576K
}
Event: 6.655 GC heap before
{Heap before GC invocations=12 (full 2):
 PSYoungGen      total 369664K, used 13135K [0x00000000d5800000, 0x00000000f2900000, 0x0000000100000000)
  eden space 356352K, 0% used [0x00000000d5800000,0x00000000d5800000,0x00000000eb400000)
  from space 13312K, 98% used [0x00000000f1c00000,0x00000000f28d3d08,0x00000000f2900000)
  to   space 55808K, 0% used [0x00000000ebc00000,0x00000000ebc00000,0x00000000ef280000)
 ParOldGen       total 148480K, used 77069K [0x0000000080800000, 0x0000000089900000, 0x00000000d5800000)
  object space 148480K, 51% used [0x0000000080800000,0x0000000085343730,0x0000000089900000)
 Metaspace       used 34927K, capacity 35418K, committed 35496K, reserved 1081344K
  class space    used 3924K, capacity 4090K, committed 4096K, reserved 1048576K
Event: 6.712 GC heap after
Heap after GC invocations=12 (full 2):
 PSYoungGen      total 369664K, used 0K [0x00000000d5800000, 0x00000000f2900000, 0x0000000100000000)
  eden space 356352K, 0% used [0x00000000d5800000,0x00000000d5800000,0x00000000eb400000)
  from space 13312K, 0% used [0x00000000f1c00000,0x00000000f1c00000,0x00000000f2900000)
  to   space 55808K, 0% used [0x00000000ebc00000,0x00000000ebc00000,0x00000000ef280000)
 ParOldGen       total 119296K, used 33046K [0x0000000080800000, 0x0000000087c80000, 0x00000000d5800000)
  object space 119296K, 27% used [0x0000000080800000,0x0000000082845b40,0x0000000087c80000)
 Metaspace       used 34927K, capacity 35418K, committed 35496K, reserved 1081344K
  class space    used 3924K, capacity 4090K, committed 4096K, reserved 1048576K
}
Event: 66.337 GC heap before
{Heap before GC invocations=13 (full 2):
 PSYoungGen      total 369664K, used 356352K [0x00000000d5800000, 0x00000000f2900000, 0x0000000100000000)
  eden space 356352K, 100% used [0x00000000d5800000,0x00000000eb400000,0x00000000eb400000)
  from space 13312K, 0% used [0x00000000f1c00000,0x00000000f1c00000,0x00000000f2900000)
  to   space 55808K, 0% used [0x00000000ebc00000,0x00000000ebc00000,0x00000000ef280000)
 ParOldGen       total 119296K, used 42819K [0x0000000080800000, 0x0000000087c80000, 0x00000000d5800000)
  object space 119296K, 35% used [0x0000000080800000,0x00000000831d0de0,0x0000000087c80000)
 Metaspace       used 51736K, capacity 52812K, committed 53120K, reserved 1095680K
  class space    used 5913K, capacity 6463K, committed 6528K, reserved 1048576K
Event: 66.373 GC heap after
Heap after GC invocations=13 (full 2):
 PSYoungGen      total 420352K, used 33539K [0x00000000d5800000, 0x00000000f9c80000, 0x0000000100000000)
  eden space 364544K, 0% used [0x00000000d5800000,0x00000000d5800000,0x00000000ebc00000)
  from space 55808K, 60% used [0x00000000ebc00000,0x00000000edcc0dd8,0x00000000ef280000)
  to   space 56832K, 0% used [0x00000000f6500000,0x00000000f6500000,0x00000000f9c80000)
 ParOldGen       total 119296K, used 42835K [0x0000000080800000, 0x0000000087c80000, 0x00000000d5800000)
  object space 119296K, 35% used [0x0000000080800000,0x00000000831d4de0,0x0000000087c80000)
 Metaspace       used 51736K, capacity 52812K, committed 53120K, reserved 1095680K
  class space    used 5913K, capacity 6463K, committed 6528K, reserved 1048576K
}

